  [1m[35m (0.1ms)[0m  [1m[34mSELECT sqlite_version(*)[0m
  [1m[35m (1.0ms)[0m  [1m[35mCREATE TABLE "schema_migrations" ("version" varchar NOT NULL PRIMARY KEY)[0m
  [1m[35m (1.0ms)[0m  [1m[35mCREATE TABLE "ar_internal_metadata" ("key" varchar NOT NULL PRIMARY KEY, "value" varchar, "created_at" datetime NOT NULL, "updated_at" datetime NOT NULL)[0m
  [1m[35m (0.2ms)[0m  [1m[34mSELECT "schema_migrations"."version" FROM "schema_migrations" ORDER BY "schema_migrations"."version" ASC[0m
Migrating to CreateCandidates (20170511134848)
  [1m[35m (0.1ms)[0m  [1m[36mbegin transaction[0m
  [1m[35m (0.3ms)[0m  [1m[35mCREATE TABLE "candidates" ("id" INTEGER PRIMARY KEY AUTOINCREMENT NOT NULL, "name" varchar NOT NULL, "votes" integer DEFAULT 0 NOT NULL, "created_at" datetime NOT NULL, "updated_at" datetime NOT NULL)[0m
  [1m[35mSQL (0.1ms)[0m  [1m[32mINSERT INTO "schema_migrations" ("version") VALUES (?)[0m  [["version", "20170511134848"]]
  [1m[35m (0.7ms)[0m  [1m[36mcommit transaction[0m
  [1m[36mActiveRecord::InternalMetadata Load (0.1ms)[0m  [1m[34mSELECT  "ar_internal_metadata".* FROM "ar_internal_metadata" WHERE "ar_internal_metadata"."key" = ? LIMIT ?[0m  [["key", "environment"], ["LIMIT", 1]]
  [1m[35m (0.0ms)[0m  [1m[36mbegin transaction[0m
  [1m[35mSQL (0.2ms)[0m  [1m[32mINSERT INTO "ar_internal_metadata" ("key", "value", "created_at", "updated_at") VALUES (?, ?, ?, ?)[0m  [["key", "environment"], ["value", "development"], ["created_at", "2017-05-11 15:14:21.188935"], ["updated_at", "2017-05-11 15:14:21.188935"]]
  [1m[35m (0.6ms)[0m  [1m[36mcommit transaction[0m
  [1m[35m (0.1ms)[0m  [1m[34mSELECT "schema_migrations"."version" FROM "schema_migrations" ORDER BY "schema_migrations"."version" ASC[0m
Started GET "/" for 127.0.0.1 at 2017-05-11 22:22:04 +0200
  [1m[35m (0.4ms)[0m  [1m[34mSELECT "schema_migrations"."version" FROM "schema_migrations" ORDER BY "schema_migrations"."version" ASC[0m
Processing by Rails::WelcomeController#index as HTML
  Rendering /Users/philippe/.rbenv/versions/2.4.1/lib/ruby/gems/2.4.0/gems/railties-5.1.0/lib/rails/templates/rails/welcome/index.html.erb
  Rendered /Users/philippe/.rbenv/versions/2.4.1/lib/ruby/gems/2.4.0/gems/railties-5.1.0/lib/rails/templates/rails/welcome/index.html.erb (4.2ms)
Completed 200 OK in 21ms (Views: 12.3ms | ActiveRecord: 0.0ms)


Started GET "/" for 127.0.0.1 at 2017-05-11 22:30:09 +0200
  [1m[35m (0.1ms)[0m  [1m[34mSELECT "schema_migrations"."version" FROM "schema_migrations" ORDER BY "schema_migrations"."version" ASC[0m
Processing by CandidatesController#index as HTML
  Rendering candidates/index.html.erb within layouts/application
  [1m[36mCandidate Load (1.0ms)[0m  [1m[34mSELECT "candidates".* FROM "candidates"[0m
  Rendered candidates/index.html.erb within layouts/application (3.4ms)
Completed 200 OK in 3672ms (Views: 3661.9ms | ActiveRecord: 1.3ms)


Started GET "/" for 127.0.0.1 at 2017-05-11 22:30:48 +0200
Processing by CandidatesController#index as HTML
  Rendering candidates/index.html.erb within layouts/application
  [1m[36mCandidate Load (0.1ms)[0m  [1m[34mSELECT "candidates".* FROM "candidates"[0m
  Rendered candidates/index.html.erb within layouts/application (1.3ms)
Completed 200 OK in 40ms (Views: 38.7ms | ActiveRecord: 0.1ms)


Started GET "/" for 127.0.0.1 at 2017-05-11 22:30:57 +0200
Processing by CandidatesController#index as HTML
  Rendering candidates/index.html.erb within layouts/application
  [1m[36mCandidate Load (0.1ms)[0m  [1m[34mSELECT "candidates".* FROM "candidates"[0m
  Rendered candidates/index.html.erb within layouts/application (1.2ms)
Completed 200 OK in 40ms (Views: 38.3ms | ActiveRecord: 0.1ms)


Started GET "/" for 127.0.0.1 at 2017-05-11 22:32:25 +0200
Processing by CandidatesController#index as HTML
  Rendering candidates/index.html.erb within layouts/application
  [1m[36mCandidate Load (0.1ms)[0m  [1m[34mSELECT "candidates".* FROM "candidates"[0m
  Rendered candidates/index.html.erb within layouts/application (1.1ms)
Completed 200 OK in 42ms (Views: 40.3ms | ActiveRecord: 0.1ms)


Started GET "/" for 127.0.0.1 at 2017-05-11 22:32:28 +0200
Processing by CandidatesController#index as HTML
  Rendering candidates/index.html.erb within layouts/application
  [1m[36mCandidate Load (0.2ms)[0m  [1m[34mSELECT "candidates".* FROM "candidates"[0m
  Rendered candidates/index.html.erb within layouts/application (1.6ms)
Completed 200 OK in 52ms (Views: 50.4ms | ActiveRecord: 0.2ms)


Started GET "/" for 127.0.0.1 at 2017-05-11 22:32:28 +0200
Processing by CandidatesController#index as HTML
  Rendering candidates/index.html.erb within layouts/application
  [1m[36mCandidate Load (0.2ms)[0m  [1m[34mSELECT "candidates".* FROM "candidates"[0m
  Rendered candidates/index.html.erb within layouts/application (1.4ms)
Completed 200 OK in 41ms (Views: 39.2ms | ActiveRecord: 0.2ms)


Started GET "/" for 127.0.0.1 at 2017-05-11 22:32:29 +0200
Processing by CandidatesController#index as HTML
  Rendering candidates/index.html.erb within layouts/application
  [1m[36mCandidate Load (0.2ms)[0m  [1m[34mSELECT "candidates".* FROM "candidates"[0m
  Rendered candidates/index.html.erb within layouts/application (1.3ms)
Completed 200 OK in 44ms (Views: 42.3ms | ActiveRecord: 0.2ms)


Started GET "/" for 127.0.0.1 at 2017-05-11 22:33:02 +0200
Processing by CandidatesController#index as HTML
  Rendering candidates/index.html.erb within layouts/application
  [1m[36mCandidate Load (0.1ms)[0m  [1m[34mSELECT "candidates".* FROM "candidates"[0m
  Rendered candidates/index.html.erb within layouts/application (1.1ms)
Completed 200 OK in 38ms (Views: 36.8ms | ActiveRecord: 0.1ms)


Started GET "/" for 127.0.0.1 at 2017-05-11 22:33:28 +0200
Processing by CandidatesController#index as HTML
  Rendering candidates/index.html.erb within layouts/application
  [1m[36mCandidate Load (0.1ms)[0m  [1m[34mSELECT "candidates".* FROM "candidates"[0m
  Rendered candidates/index.html.erb within layouts/application (1.1ms)
Completed 200 OK in 38ms (Views: 36.5ms | ActiveRecord: 0.1ms)


Started GET "/" for 127.0.0.1 at 2017-05-11 22:33:34 +0200
Processing by CandidatesController#index as HTML
  Rendering candidates/index.html.erb within layouts/application
  [1m[36mCandidate Load (0.2ms)[0m  [1m[34mSELECT "candidates".* FROM "candidates"[0m
  Rendered candidates/index.html.erb within layouts/application (1.3ms)
Completed 200 OK in 46ms (Views: 43.3ms | ActiveRecord: 0.2ms)


Started GET "/" for 127.0.0.1 at 2017-05-11 22:33:44 +0200
Processing by CandidatesController#index as HTML
  Rendering candidates/index.html.erb within layouts/application
  [1m[36mCandidate Load (0.2ms)[0m  [1m[34mSELECT "candidates".* FROM "candidates"[0m
  Rendered candidates/index.html.erb within layouts/application (1.6ms)
Completed 200 OK in 36ms (Views: 34.3ms | ActiveRecord: 0.2ms)


Started GET "/" for 127.0.0.1 at 2017-05-11 22:33:49 +0200
Processing by CandidatesController#index as HTML
  Rendering candidates/index.html.erb within layouts/application
  [1m[36mCandidate Load (0.1ms)[0m  [1m[34mSELECT "candidates".* FROM "candidates"[0m
  Rendered candidates/index.html.erb within layouts/application (1.1ms)
Completed 200 OK in 36ms (Views: 34.2ms | ActiveRecord: 0.1ms)


Started GET "/" for 127.0.0.1 at 2017-05-11 22:34:13 +0200
Processing by CandidatesController#index as HTML
  Rendering candidates/index.html.erb within layouts/application
  [1m[36mCandidate Load (0.1ms)[0m  [1m[34mSELECT "candidates".* FROM "candidates"[0m
  Rendered candidates/index.html.erb within layouts/application (1.0ms)
Completed 200 OK in 38ms (Views: 35.7ms | ActiveRecord: 0.1ms)


Started GET "/" for 127.0.0.1 at 2017-05-11 22:34:43 +0200
Processing by CandidatesController#index as HTML
  Rendering candidates/index.html.erb within layouts/application
  [1m[36mCandidate Load (0.1ms)[0m  [1m[34mSELECT "candidates".* FROM "candidates"[0m
  Rendered candidates/index.html.erb within layouts/application (1.1ms)
Completed 200 OK in 43ms (Views: 41.2ms | ActiveRecord: 0.1ms)


Started GET "/" for 127.0.0.1 at 2017-05-11 22:43:02 +0200
Processing by CandidatesController#index as HTML
  Rendering candidates/index.html.slim within layouts/application
  [1m[36mCandidate Load (0.2ms)[0m  [1m[34mSELECT "candidates".* FROM "candidates"[0m
  Rendered candidates/index.html.slim within layouts/application (5.4ms)
DEPRECATION WARNING: Extra .css in SASS file is unnecessary. Rename /Users/philippe/Sites/democracy20/app/assets/stylesheets/_layout.css.sass to /Users/philippe/Sites/democracy20/app/assets/stylesheets/_layout.sass. (called from _app_views_layouts_application_html_slim___75397261340693651_70324142287480 at /Users/philippe/Sites/democracy20/app/views/layouts/application.html.slim:8)
DEPRECATION WARNING: Extra .css in SASS file is unnecessary. Rename /Users/philippe/Sites/democracy20/app/assets/stylesheets/_layout.css.sass to /Users/philippe/Sites/democracy20/app/assets/stylesheets/_layout.sass. (called from _app_views_layouts_application_html_slim___75397261340693651_70324142287480 at /Users/philippe/Sites/democracy20/app/views/layouts/application.html.slim:8)
Completed 200 OK in 1913ms (Views: 1910.8ms | ActiveRecord: 0.2ms)


Started GET "/" for 127.0.0.1 at 2017-05-11 22:43:17 +0200
Processing by CandidatesController#index as HTML
  Rendering candidates/index.html.slim within layouts/application
  [1m[36mCandidate Load (0.2ms)[0m  [1m[34mSELECT "candidates".* FROM "candidates"[0m
  Rendered candidates/index.html.slim within layouts/application (5.7ms)
Completed 200 OK in 38ms (Views: 35.9ms | ActiveRecord: 0.2ms)


Started GET "/" for 127.0.0.1 at 2017-05-11 22:43:30 +0200
Processing by CandidatesController#index as HTML
  Rendering candidates/index.html.slim within layouts/application
  [1m[36mCandidate Load (0.2ms)[0m  [1m[34mSELECT "candidates".* FROM "candidates"[0m
  Rendered candidates/index.html.slim within layouts/application (5.0ms)
Completed 200 OK in 36ms (Views: 34.6ms | ActiveRecord: 0.2ms)


Started GET "/" for 127.0.0.1 at 2017-05-11 22:43:48 +0200
Processing by CandidatesController#index as HTML
  Rendering candidates/index.html.slim within layouts/application
  [1m[36mCandidate Load (0.2ms)[0m  [1m[34mSELECT "candidates".* FROM "candidates"[0m
  Rendered candidates/index.html.slim within layouts/application (5.3ms)
Completed 200 OK in 50ms (Views: 47.8ms | ActiveRecord: 0.2ms)


Started GET "/candidates/new" for 127.0.0.1 at 2017-05-11 22:43:59 +0200
Processing by CandidatesController#new as HTML
  Rendering candidates/new.html.slim within layouts/application
  Rendered candidates/new.html.slim within layouts/application (3.0ms)
Completed 200 OK in 52ms (Views: 43.7ms | ActiveRecord: 0.5ms)


Started GET "/candidates/new" for 127.0.0.1 at 2017-05-11 22:44:36 +0200
Processing by CandidatesController#new as HTML
  Rendering candidates/new.html.slim within layouts/application
  Rendered candidates/_form.html.slim (2.7ms) [cache miss]
  Rendered candidates/new.html.slim within layouts/application (6.2ms)
Completed 200 OK in 44ms (Views: 41.8ms | ActiveRecord: 0.0ms)


Started GET "/candidates/new" for 127.0.0.1 at 2017-05-11 22:51:04 +0200
Processing by CandidatesController#new as HTML
  Rendering candidates/new.html.slim within layouts/application
  Rendered candidates/_form.html.slim (3.5ms) [cache miss]
  Rendered candidates/new.html.slim within layouts/application (6.8ms)
Completed 200 OK in 43ms (Views: 41.5ms | ActiveRecord: 0.0ms)


Started GET "/candidates/new" for 127.0.0.1 at 2017-05-11 22:52:48 +0200
Processing by CandidatesController#new as HTML
  Rendering candidates/new.html.slim within layouts/application
  Rendered candidates/_form.html.slim (96.1ms)
  Rendered candidates/new.html.slim within layouts/application (99.4ms)
Completed 500 Internal Server Error in 104ms (ActiveRecord: 0.0ms)


  
ActionView::Template::Error (undefined method `text_field_tag' for #<ActionView::Helpers::FormBuilder:0x007feb3bb7ec28>
Did you mean?  text_field):
     9:           = message
    10:   .form-group
    11:     = form.label :name, "Nom du candidat"
    12:     = form.text_field_tag :name, class: "form-control"
    13:   = form.submit "Valider", class: "btn btn-primary"
  
app/views/candidates/_form.html.slim:12:in `block in _app_views_candidates__form_html_slim__3198669860035353718_70324132328580'
app/views/candidates/_form.html.slim:1:in `_app_views_candidates__form_html_slim__3198669860035353718_70324132328580'
app/views/candidates/new.html.slim:3:in `_app_views_candidates_new_html_slim__1346183142567207001_70324132573680'
Started GET "/candidates/new" for 127.0.0.1 at 2017-05-11 22:52:55 +0200
Processing by CandidatesController#new as HTML
  Rendering candidates/new.html.slim within layouts/application
  Rendered candidates/_form.html.slim (6.2ms) [cache miss]
  Rendered candidates/new.html.slim within layouts/application (10.1ms)
Completed 200 OK in 51ms (Views: 48.3ms | ActiveRecord: 0.0ms)


Started GET "/candidates/new" for 127.0.0.1 at 2017-05-11 22:53:08 +0200
Processing by CandidatesController#new as HTML
  Rendering candidates/new.html.slim within layouts/application
  Rendered candidates/_form.html.slim (4.6ms) [cache miss]
  Rendered candidates/new.html.slim within layouts/application (8.5ms)
Completed 200 OK in 65ms (Views: 63.2ms | ActiveRecord: 0.0ms)


Started GET "/candidates/new" for 127.0.0.1 at 2017-05-11 22:53:30 +0200
Processing by CandidatesController#new as HTML
  Rendering candidates/new.html.slim within layouts/application
  Rendered candidates/_form.html.slim (5.8ms) [cache miss]
  Rendered candidates/new.html.slim within layouts/application (10.1ms)
Completed 200 OK in 62ms (Views: 60.7ms | ActiveRecord: 0.0ms)


Started GET "/candidates/new" for 127.0.0.1 at 2017-05-11 22:53:47 +0200
Processing by CandidatesController#new as HTML
  Rendering candidates/new.html.slim within layouts/application
  Rendered candidates/_form.html.slim (5.6ms) [cache miss]
  Rendered candidates/new.html.slim within layouts/application (10.9ms)
Completed 200 OK in 55ms (Views: 53.7ms | ActiveRecord: 0.0ms)


Started GET "/candidates/new" for 127.0.0.1 at 2017-05-11 22:53:53 +0200
Processing by CandidatesController#new as HTML
  Rendering candidates/new.html.slim within layouts/application
  Rendered candidates/_form.html.slim (3.1ms) [cache miss]
  Rendered candidates/new.html.slim within layouts/application (6.1ms)
Completed 200 OK in 47ms (Views: 44.7ms | ActiveRecord: 0.0ms)


Started POST "/candidates" for 127.0.0.1 at 2017-05-11 22:54:08 +0200
Processing by CandidatesController#create as HTML
  Parameters: {"utf8"=>"✓", "authenticity_token"=>"g9VWIuhitpzwJ/Cnofzp91w3jY4sjQD1ENCEI+SFTSR0nkQhwZLiiLBaOiFeEOM2xh5r+0+1f29Ofk9gPnCj5g==", "candidate"=>{"name"=>""}, "commit"=>"Valider"}
Completed 500 Internal Server Error in 1ms (ActiveRecord: 0.0ms)


  
ActiveModel::ForbiddenAttributesError (ActiveModel::ForbiddenAttributesError):
  
app/controllers/candidates_controller.rb:25:in `create'
Started POST "/candidates" for 127.0.0.1 at 2017-05-11 22:54:24 +0200
  
SyntaxError (/Users/philippe/Sites/democracy20/app/controllers/candidates_controller.rb:53: syntax error, unexpected '}', expecting =>
ms.fetch(:candidate, { :name })
                              ^):
  
app/controllers/candidates_controller.rb:53: syntax error, unexpected '}', expecting =>
Started POST "/candidates" for 127.0.0.1 at 2017-05-11 22:55:14 +0200
Processing by CandidatesController#create as HTML
  Parameters: {"utf8"=>"✓", "authenticity_token"=>"g9VWIuhitpzwJ/Cnofzp91w3jY4sjQD1ENCEI+SFTSR0nkQhwZLiiLBaOiFeEOM2xh5r+0+1f29Ofk9gPnCj5g==", "candidate"=>{"name"=>""}, "commit"=>"Valider"}
  [1m[35m (0.0ms)[0m  [1m[36mbegin transaction[0m
  [1m[35mSQL (1.1ms)[0m  [1m[32mINSERT INTO "candidates" ("name", "created_at", "updated_at") VALUES (?, ?, ?)[0m  [["name", ""], ["created_at", "2017-05-11 20:55:14.104604"], ["updated_at", "2017-05-11 20:55:14.104604"]]
  [1m[35m (0.7ms)[0m  [1m[36mcommit transaction[0m
Redirected to http://localhost:3000/candidates/1
Completed 302 Found in 11ms (ActiveRecord: 2.5ms)


Started GET "/candidates/1" for 127.0.0.1 at 2017-05-11 22:55:14 +0200
Processing by CandidatesController#show as HTML
  Parameters: {"id"=>"1"}
  [1m[36mCandidate Load (0.2ms)[0m  [1m[34mSELECT  "candidates".* FROM "candidates" WHERE "candidates"."id" = ? LIMIT ?[0m  [["id", 1], ["LIMIT", 1]]
  Rendering candidates/show.html.slim within layouts/application
  Rendered candidates/show.html.slim within layouts/application (1.9ms)
Completed 200 OK in 40ms (Views: 34.5ms | ActiveRecord: 0.2ms)


Started GET "/candidates/1" for 127.0.0.1 at 2017-05-11 22:55:46 +0200
Processing by CandidatesController#show as HTML
  Parameters: {"id"=>"1"}
  [1m[36mCandidate Load (0.1ms)[0m  [1m[34mSELECT  "candidates".* FROM "candidates" WHERE "candidates"."id" = ? LIMIT ?[0m  [["id", 1], ["LIMIT", 1]]
  Rendering candidates/show.html.slim within layouts/application
  Rendered candidates/show.html.slim within layouts/application (1.9ms)
Completed 200 OK in 47ms (Views: 38.0ms | ActiveRecord: 0.8ms)


Started GET "/candidates/" for 127.0.0.1 at 2017-05-11 22:55:49 +0200
Processing by CandidatesController#index as HTML
  Rendering candidates/index.html.slim within layouts/application
  [1m[36mCandidate Load (0.2ms)[0m  [1m[34mSELECT "candidates".* FROM "candidates"[0m
  Rendered candidates/index.html.slim within layouts/application (6.6ms)
Completed 200 OK in 42ms (Views: 40.4ms | ActiveRecord: 0.2ms)


Started GET "/candidates/" for 127.0.0.1 at 2017-05-11 22:56:18 +0200
Processing by CandidatesController#index as HTML
  Rendering candidates/index.html.slim within layouts/application
  [1m[36mCandidate Load (0.1ms)[0m  [1m[34mSELECT "candidates".* FROM "candidates"[0m
  Rendered candidates/index.html.slim within layouts/application (10.7ms)
Completed 200 OK in 50ms (Views: 46.7ms | ActiveRecord: 0.7ms)


Started GET "/candidates/" for 127.0.0.1 at 2017-05-11 22:56:37 +0200
Processing by CandidatesController#index as HTML
  Rendering candidates/index.html.slim within layouts/application
  [1m[36mCandidate Load (0.2ms)[0m  [1m[34mSELECT "candidates".* FROM "candidates"[0m
  Rendered candidates/index.html.slim within layouts/application (6.4ms)
Completed 200 OK in 46ms (Views: 43.9ms | ActiveRecord: 0.2ms)


Started GET "/candidates/" for 127.0.0.1 at 2017-05-11 22:56:58 +0200
Processing by CandidatesController#index as HTML
  Rendering candidates/index.html.slim within layouts/application
  [1m[36mCandidate Load (0.2ms)[0m  [1m[34mSELECT "candidates".* FROM "candidates"[0m
  Rendered candidates/index.html.slim within layouts/application (6.0ms)
Completed 200 OK in 43ms (Views: 41.7ms | ActiveRecord: 0.2ms)


Started GET "/candidates/" for 127.0.0.1 at 2017-05-11 22:57:26 +0200
Processing by CandidatesController#index as HTML
  Rendering candidates/index.html.slim within layouts/application
  [1m[36mCandidate Load (0.2ms)[0m  [1m[34mSELECT "candidates".* FROM "candidates"[0m
  Rendered candidates/index.html.slim within layouts/application (6.6ms)
Completed 200 OK in 55ms (Views: 51.6ms | ActiveRecord: 0.2ms)


Started GET "/candidates/" for 127.0.0.1 at 2017-05-11 22:57:33 +0200
Processing by CandidatesController#index as HTML
  Rendering candidates/index.html.slim within layouts/application
  [1m[36mCandidate Load (0.3ms)[0m  [1m[34mSELECT "candidates".* FROM "candidates"[0m
  Rendered candidates/index.html.slim within layouts/application (6.6ms)
Completed 200 OK in 41ms (Views: 39.2ms | ActiveRecord: 0.3ms)


Started GET "/candidates/1/edit" for 127.0.0.1 at 2017-05-11 22:57:37 +0200
Processing by CandidatesController#edit as HTML
  Parameters: {"id"=>"1"}
  [1m[36mCandidate Load (0.2ms)[0m  [1m[34mSELECT  "candidates".* FROM "candidates" WHERE "candidates"."id" = ? LIMIT ?[0m  [["id", 1], ["LIMIT", 1]]
  Rendering candidates/edit.html.slim within layouts/application
  Rendered candidates/edit.html.slim within layouts/application (2.4ms)
Completed 200 OK in 44ms (Views: 41.6ms | ActiveRecord: 0.2ms)


  [1m[35m (0.1ms)[0m  [1m[34mSELECT "schema_migrations"."version" FROM "schema_migrations" ORDER BY "schema_migrations"."version" ASC[0m
  [1m[35m (0.0ms)[0m  [1m[34mSELECT "schema_migrations"."version" FROM "schema_migrations" ORDER BY "schema_migrations"."version" ASC[0m
Migrating to CreateCandidates (20170511134848)
  [1m[35m (0.1ms)[0m  [1m[36mbegin transaction[0m
  [1m[35m (0.5ms)[0m  [1m[35mDROP TABLE "candidates"[0m
  [1m[35mSQL (0.1ms)[0m  [1m[31mDELETE FROM "schema_migrations" WHERE "schema_migrations"."version" = ?[0m  [["version", "20170511134848"]]
  [1m[35m (0.7ms)[0m  [1m[36mcommit transaction[0m
  [1m[35m (0.1ms)[0m  [1m[34mSELECT "schema_migrations"."version" FROM "schema_migrations" ORDER BY "schema_migrations"."version" ASC[0m
  [1m[35m (0.1ms)[0m  [1m[34mSELECT "schema_migrations"."version" FROM "schema_migrations" ORDER BY "schema_migrations"."version" ASC[0m
Migrating to CreateCandidates (20170511134848)
  [1m[35m (0.0ms)[0m  [1m[36mbegin transaction[0m
  [1m[35m (0.1ms)[0m  [1m[34mSELECT sqlite_version(*)[0m
  [1m[35m (0.3ms)[0m  [1m[35mCREATE TABLE "candidates" ("id" INTEGER PRIMARY KEY AUTOINCREMENT NOT NULL, "name" varchar NOT NULL, "votes" integer DEFAULT 0 NOT NULL, "created_at" datetime NOT NULL, "updated_at" datetime NOT NULL)[0m
  [1m[35mSQL (0.1ms)[0m  [1m[32mINSERT INTO "schema_migrations" ("version") VALUES (?)[0m  [["version", "20170511134848"]]
  [1m[35m (1.4ms)[0m  [1m[36mcommit transaction[0m
  [1m[36mActiveRecord::InternalMetadata Load (0.1ms)[0m  [1m[34mSELECT  "ar_internal_metadata".* FROM "ar_internal_metadata" WHERE "ar_internal_metadata"."key" = ? LIMIT ?[0m  [["key", "environment"], ["LIMIT", 1]]
  [1m[35m (0.0ms)[0m  [1m[36mbegin transaction[0m
  [1m[35m (0.0ms)[0m  [1m[36mcommit transaction[0m
  [1m[35m (0.1ms)[0m  [1m[34mSELECT "schema_migrations"."version" FROM "schema_migrations" ORDER BY "schema_migrations"."version" ASC[0m
Started GET "/candidates/" for 127.0.0.1 at 2017-05-11 22:58:22 +0200
  [1m[35m (0.1ms)[0m  [1m[34mSELECT "schema_migrations"."version" FROM "schema_migrations" ORDER BY "schema_migrations"."version" ASC[0m
Processing by CandidatesController#index as HTML
  Rendering candidates/index.html.slim within layouts/application
  [1m[36mCandidate Load (0.2ms)[0m  [1m[34mSELECT "candidates".* FROM "candidates"[0m
  Rendered candidates/index.html.slim within layouts/application (15.3ms)
Completed 200 OK in 288ms (Views: 277.8ms | ActiveRecord: 0.4ms)


Started GET "/candidates/new" for 127.0.0.1 at 2017-05-11 22:58:25 +0200
Processing by CandidatesController#new as HTML
  Rendering candidates/new.html.slim within layouts/application
  Rendered candidates/_form.html.slim (12.9ms) [cache miss]
  Rendered candidates/new.html.slim within layouts/application (18.8ms)
Completed 200 OK in 75ms (Views: 65.5ms | ActiveRecord: 0.9ms)


Started POST "/candidates" for 127.0.0.1 at 2017-05-11 22:58:27 +0200
Processing by CandidatesController#create as HTML
  Parameters: {"utf8"=>"✓", "authenticity_token"=>"mVSTj5cL9y8ols7HAVmmAxcQ114CZjcC8S71Cs2TUKRYJreAj82fq4mhHaC71thjlcUkQNuD0emvGVPSPiaSfg==", "candidate"=>{"name"=>""}, "commit"=>"Valider"}
  [1m[35m (0.1ms)[0m  [1m[36mbegin transaction[0m
  [1m[35m (0.1ms)[0m  [1m[31mrollback transaction[0m
  Rendering candidates/new.html.slim within layouts/application
  Rendered candidates/_form.html.slim (4.0ms) [cache miss]
  Rendered candidates/new.html.slim within layouts/application (7.2ms)
Completed 200 OK in 55ms (Views: 47.0ms | ActiveRecord: 0.1ms)


Started POST "/candidates" for 127.0.0.1 at 2017-05-11 22:58:49 +0200
Processing by CandidatesController#create as HTML
  Parameters: {"utf8"=>"✓", "authenticity_token"=>"sEKLAY8uBSA8gdK6o34SQXrdadoKL8uFX5Yz0OCmOVhHCZkCpt5RNHz8GDxckhiA4PSPr2kXtB8BOPiTOlPXmg==", "candidate"=>{"name"=>""}, "commit"=>"Valider"}
  [1m[35m (0.1ms)[0m  [1m[36mbegin transaction[0m
  [1m[35m (0.1ms)[0m  [1m[31mrollback transaction[0m
  Rendering candidates/new.html.slim within layouts/application
  Rendered candidates/_form.html.slim (4.8ms) [cache miss]
  Rendered candidates/new.html.slim within layouts/application (8.6ms)
Completed 200 OK in 52ms (Views: 50.3ms | ActiveRecord: 0.1ms)


Started POST "/candidates" for 127.0.0.1 at 2017-05-11 22:59:05 +0200
Processing by CandidatesController#create as HTML
  Parameters: {"utf8"=>"✓", "authenticity_token"=>"hJ0dExuhPKggkmObx+zA0Yj6LKl9Q4Uw9DsrWSn2dfpz1g8QMlFovGDvqR04AMoQEtPK3B57+qqqleAa8wObOA==", "candidate"=>{"name"=>"Toto"}, "commit"=>"Valider"}
  [1m[35m (0.1ms)[0m  [1m[36mbegin transaction[0m
  [1m[35mSQL (0.3ms)[0m  [1m[32mINSERT INTO "candidates" ("name", "created_at", "updated_at") VALUES (?, ?, ?)[0m  [["name", "Toto"], ["created_at", "2017-05-11 20:59:05.450709"], ["updated_at", "2017-05-11 20:59:05.450709"]]
  [1m[35m (0.5ms)[0m  [1m[36mcommit transaction[0m
Redirected to http://localhost:3000/candidates
Completed 302 Found in 3ms (ActiveRecord: 0.9ms)


Started GET "/candidates" for 127.0.0.1 at 2017-05-11 22:59:05 +0200
Processing by CandidatesController#index as HTML
  Rendering candidates/index.html.slim within layouts/application
  [1m[36mCandidate Load (0.2ms)[0m  [1m[34mSELECT "candidates".* FROM "candidates"[0m
  Rendered candidates/index.html.slim within layouts/application (7.8ms)
Completed 200 OK in 43ms (Views: 41.4ms | ActiveRecord: 0.2ms)


Started GET "/candidates/1/edit" for 127.0.0.1 at 2017-05-11 23:08:16 +0200
Processing by CandidatesController#edit as HTML
  Parameters: {"id"=>"1"}
  [1m[36mCandidate Load (0.2ms)[0m  [1m[34mSELECT  "candidates".* FROM "candidates" WHERE "candidates"."id" = ? LIMIT ?[0m  [["id", 1], ["LIMIT", 1]]
  Rendering candidates/edit.html.slim within layouts/application
  Rendered candidates/edit.html.slim within layouts/application (2.1ms)
Completed 200 OK in 44ms (Views: 40.1ms | ActiveRecord: 0.2ms)


Started GET "/candidates" for 127.0.0.1 at 2017-05-11 23:08:42 +0200
Processing by CandidatesController#index as HTML
  Rendering candidates/index.html.slim within layouts/application
  [1m[36mCandidate Load (0.2ms)[0m  [1m[34mSELECT "candidates".* FROM "candidates"[0m
  Rendered candidates/index.html.slim within layouts/application (6.5ms)
Completed 200 OK in 48ms (Views: 41.1ms | ActiveRecord: 0.2ms)


Started GET "/candidates/1/edit" for 127.0.0.1 at 2017-05-11 23:08:43 +0200
Processing by CandidatesController#edit as HTML
  Parameters: {"id"=>"1"}
  [1m[36mCandidate Load (0.1ms)[0m  [1m[34mSELECT  "candidates".* FROM "candidates" WHERE "candidates"."id" = ? LIMIT ?[0m  [["id", 1], ["LIMIT", 1]]
  Rendering candidates/edit.html.slim within layouts/application
  Rendered candidates/_form.html.slim (4.9ms) [cache miss]
  Rendered candidates/edit.html.slim within layouts/application (8.8ms)
Completed 200 OK in 51ms (Views: 48.5ms | ActiveRecord: 0.1ms)


Started GET "/candidates/1/edit" for 127.0.0.1 at 2017-05-11 23:09:08 +0200
Processing by CandidatesController#edit as HTML
  Parameters: {"id"=>"1"}
  [1m[36mCandidate Load (0.2ms)[0m  [1m[34mSELECT  "candidates".* FROM "candidates" WHERE "candidates"."id" = ? LIMIT ?[0m  [["id", 1], ["LIMIT", 1]]
  Rendering candidates/edit.html.slim within layouts/application
  Rendered candidates/_form.html.slim (5.1ms) [cache miss]
  Rendered candidates/edit.html.slim within layouts/application (8.6ms)
Completed 200 OK in 53ms (Views: 50.2ms | ActiveRecord: 0.2ms)


Started GET "/candidates/1/edit" for 127.0.0.1 at 2017-05-11 23:09:17 +0200
Processing by CandidatesController#edit as HTML
  Parameters: {"id"=>"1"}
  [1m[36mCandidate Load (0.1ms)[0m  [1m[34mSELECT  "candidates".* FROM "candidates" WHERE "candidates"."id" = ? LIMIT ?[0m  [["id", 1], ["LIMIT", 1]]
  Rendering candidates/edit.html.slim within layouts/application
  Rendered candidates/_form.html.slim (4.4ms) [cache miss]
  Rendered candidates/edit.html.slim within layouts/application (7.9ms)
Completed 200 OK in 46ms (Views: 43.7ms | ActiveRecord: 0.1ms)


Started GET "/candidates/1/edit" for 127.0.0.1 at 2017-05-11 23:09:28 +0200
Processing by CandidatesController#edit as HTML
  Parameters: {"id"=>"1"}
  [1m[36mCandidate Load (0.1ms)[0m  [1m[34mSELECT  "candidates".* FROM "candidates" WHERE "candidates"."id" = ? LIMIT ?[0m  [["id", 1], ["LIMIT", 1]]
  Rendering candidates/edit.html.slim within layouts/application
  Rendered candidates/_form.html.slim (4.5ms) [cache miss]
  Rendered candidates/edit.html.slim within layouts/application (7.8ms)
Completed 200 OK in 48ms (Views: 46.6ms | ActiveRecord: 0.1ms)


Started PATCH "/candidates/1" for 127.0.0.1 at 2017-05-11 23:09:39 +0200
Processing by CandidatesController#update as HTML
  Parameters: {"utf8"=>"✓", "authenticity_token"=>"kfRcSEk9boME5pYKCA49EZal2hZvpuz9jjEpBEfYIbdmv05LYM06l0SbXIz34jfQDIw8Ywyek2fQn+JHnS3PdQ==", "candidate"=>{"name"=>"Toto", "votes"=>"110"}, "commit"=>"Valider", "id"=>"1"}
  [1m[36mCandidate Load (0.2ms)[0m  [1m[34mSELECT  "candidates".* FROM "candidates" WHERE "candidates"."id" = ? LIMIT ?[0m  [["id", 1], ["LIMIT", 1]]
Unpermitted parameter: :votes
  [1m[35m (0.1ms)[0m  [1m[36mbegin transaction[0m
  [1m[35m (0.0ms)[0m  [1m[36mcommit transaction[0m
Redirected to http://localhost:3000/candidates
Completed 302 Found in 3ms (ActiveRecord: 0.3ms)


Started GET "/candidates" for 127.0.0.1 at 2017-05-11 23:09:39 +0200
Processing by CandidatesController#index as HTML
  Rendering candidates/index.html.slim within layouts/application
  [1m[36mCandidate Load (0.2ms)[0m  [1m[34mSELECT "candidates".* FROM "candidates"[0m
  Rendered candidates/index.html.slim within layouts/application (7.2ms)
Completed 200 OK in 45ms (Views: 42.8ms | ActiveRecord: 0.2ms)


Started GET "/candidates" for 127.0.0.1 at 2017-05-11 23:09:54 +0200
Processing by CandidatesController#index as HTML
  Rendering candidates/index.html.slim within layouts/application
  [1m[36mCandidate Load (0.1ms)[0m  [1m[34mSELECT "candidates".* FROM "candidates"[0m
  Rendered candidates/index.html.slim within layouts/application (11.3ms)
Completed 200 OK in 60ms (Views: 56.7ms | ActiveRecord: 0.8ms)


Started GET "/candidates/1/edit" for 127.0.0.1 at 2017-05-11 23:09:56 +0200
Processing by CandidatesController#edit as HTML
  Parameters: {"id"=>"1"}
  [1m[36mCandidate Load (0.2ms)[0m  [1m[34mSELECT  "candidates".* FROM "candidates" WHERE "candidates"."id" = ? LIMIT ?[0m  [["id", 1], ["LIMIT", 1]]
  Rendering candidates/edit.html.slim within layouts/application
  Rendered candidates/_form.html.slim (5.5ms) [cache miss]
  Rendered candidates/edit.html.slim within layouts/application (8.7ms)
Completed 200 OK in 49ms (Views: 47.1ms | ActiveRecord: 0.2ms)


Started PATCH "/candidates/1" for 127.0.0.1 at 2017-05-11 23:10:01 +0200
Processing by CandidatesController#update as HTML
  Parameters: {"utf8"=>"✓", "authenticity_token"=>"o9lS4O+Gw2p/2y8eIZ37D5eThj2ArIkGWsbhwuM323MDK3xP3HtD7+q/IPXm3lkGuz1cIVrE8wHfOq15g299CA==", "candidate"=>{"name"=>"Toto", "votes"=>"52"}, "commit"=>"Valider", "id"=>"1"}
  [1m[36mCandidate Load (0.1ms)[0m  [1m[34mSELECT  "candidates".* FROM "candidates" WHERE "candidates"."id" = ? LIMIT ?[0m  [["id", 1], ["LIMIT", 1]]
  [1m[35m (0.1ms)[0m  [1m[36mbegin transaction[0m
  [1m[35mSQL (0.4ms)[0m  [1m[33mUPDATE "candidates" SET "votes" = ?, "updated_at" = ? WHERE "candidates"."id" = ?[0m  [["votes", 52], ["updated_at", "2017-05-11 21:10:01.134055"], ["id", 1]]
  [1m[35m (0.6ms)[0m  [1m[36mcommit transaction[0m
Redirected to http://localhost:3000/candidates
Completed 302 Found in 5ms (ActiveRecord: 1.1ms)


Started GET "/candidates" for 127.0.0.1 at 2017-05-11 23:10:01 +0200
Processing by CandidatesController#index as HTML
  Rendering candidates/index.html.slim within layouts/application
  [1m[36mCandidate Load (0.2ms)[0m  [1m[34mSELECT "candidates".* FROM "candidates"[0m
  Rendered candidates/index.html.slim within layouts/application (6.7ms)
Completed 200 OK in 50ms (Views: 48.6ms | ActiveRecord: 0.2ms)


Started GET "/candidates/1/edit" for 127.0.0.1 at 2017-05-11 23:10:03 +0200
Processing by CandidatesController#edit as HTML
  Parameters: {"id"=>"1"}
  [1m[36mCandidate Load (0.1ms)[0m  [1m[34mSELECT  "candidates".* FROM "candidates" WHERE "candidates"."id" = ? LIMIT ?[0m  [["id", 1], ["LIMIT", 1]]
  Rendering candidates/edit.html.slim within layouts/application
  Rendered candidates/_form.html.slim (6.3ms) [cache miss]
  Rendered candidates/edit.html.slim within layouts/application (10.2ms)
Completed 200 OK in 56ms (Views: 53.5ms | ActiveRecord: 0.1ms)


Started PATCH "/candidates/1" for 127.0.0.1 at 2017-05-11 23:10:07 +0200
Processing by CandidatesController#update as HTML
  Parameters: {"utf8"=>"✓", "authenticity_token"=>"bEGK0z2dFtA+F1iTguS34rTtyO69DdiYYFFJbb9+RkvMs6R8DmCWVatzV3hFpxXrmEMS8mdlop/lrQXW3ybgMA==", "candidate"=>{"name"=>"Toto", "votes"=>"65"}, "commit"=>"Valider", "id"=>"1"}
  [1m[36mCandidate Load (0.2ms)[0m  [1m[34mSELECT  "candidates".* FROM "candidates" WHERE "candidates"."id" = ? LIMIT ?[0m  [["id", 1], ["LIMIT", 1]]
  [1m[35m (0.1ms)[0m  [1m[36mbegin transaction[0m
  [1m[35mSQL (0.3ms)[0m  [1m[33mUPDATE "candidates" SET "votes" = ?, "updated_at" = ? WHERE "candidates"."id" = ?[0m  [["votes", 65], ["updated_at", "2017-05-11 21:10:07.170278"], ["id", 1]]
  [1m[35m (0.6ms)[0m  [1m[36mcommit transaction[0m
Redirected to http://localhost:3000/candidates
Completed 302 Found in 5ms (ActiveRecord: 1.2ms)


Started GET "/candidates" for 127.0.0.1 at 2017-05-11 23:10:07 +0200
Processing by CandidatesController#index as HTML
  Rendering candidates/index.html.slim within layouts/application
  [1m[36mCandidate Load (0.2ms)[0m  [1m[34mSELECT "candidates".* FROM "candidates"[0m
  Rendered candidates/index.html.slim within layouts/application (6.8ms)
Completed 200 OK in 51ms (Views: 49.3ms | ActiveRecord: 0.2ms)


Started GET "/candidates" for 127.0.0.1 at 2017-05-11 23:10:54 +0200
Processing by CandidatesController#index as HTML
  Rendering candidates/index.html.slim within layouts/application
  [1m[36mCandidate Load (0.2ms)[0m  [1m[34mSELECT "candidates".* FROM "candidates"[0m
  Rendered candidates/index.html.slim within layouts/application (6.3ms)
Completed 200 OK in 42ms (Views: 40.5ms | ActiveRecord: 0.2ms)


Started GET "/candidates/new" for 127.0.0.1 at 2017-05-11 23:10:56 +0200
Processing by CandidatesController#new as HTML
  Rendering candidates/new.html.slim within layouts/application
  Rendered candidates/_form.html.slim (6.2ms) [cache miss]
  Rendered candidates/new.html.slim within layouts/application (10.0ms)
Completed 200 OK in 55ms (Views: 53.8ms | ActiveRecord: 0.0ms)


Started GET "/candidates" for 127.0.0.1 at 2017-05-11 23:10:58 +0200
Processing by CandidatesController#index as HTML
  Rendering candidates/index.html.slim within layouts/application
  [1m[36mCandidate Load (0.3ms)[0m  [1m[34mSELECT "candidates".* FROM "candidates"[0m
  Rendered candidates/index.html.slim within layouts/application (13.7ms)
Completed 200 OK in 60ms (Views: 57.4ms | ActiveRecord: 0.3ms)


Started GET "/candidates/new" for 127.0.0.1 at 2017-05-11 23:10:59 +0200
Processing by CandidatesController#new as HTML
  Rendering candidates/new.html.slim within layouts/application
  Rendered candidates/_form.html.slim (5.0ms) [cache miss]
  Rendered candidates/new.html.slim within layouts/application (9.8ms)
Completed 200 OK in 66ms (Views: 63.7ms | ActiveRecord: 0.0ms)


Started POST "/candidates" for 127.0.0.1 at 2017-05-11 23:11:00 +0200
Processing by CandidatesController#create as HTML
  Parameters: {"utf8"=>"✓", "authenticity_token"=>"VGup6WkmS+MphjMTsdRR05+KUDIEPi/LwyNZj6pek3qVGY3mceAjZ4ix4HQLWy+zHV+jLN3bySCdFP9XWetRoA==", "candidate"=>{"name"=>"", "votes"=>"0"}, "commit"=>"Valider"}
  [1m[35m (0.1ms)[0m  [1m[36mbegin transaction[0m
  [1m[35m (0.1ms)[0m  [1m[31mrollback transaction[0m
  Rendering candidates/new.html.slim within layouts/application
  Rendered candidates/_form.html.slim (5.2ms) [cache miss]
  Rendered candidates/new.html.slim within layouts/application (8.9ms)
Completed 200 OK in 57ms (Views: 53.9ms | ActiveRecord: 0.1ms)


Started GET "/candidates" for 127.0.0.1 at 2017-05-11 23:11:01 +0200
Processing by CandidatesController#index as HTML
  Rendering candidates/index.html.slim within layouts/application
  [1m[36mCandidate Load (0.2ms)[0m  [1m[34mSELECT "candidates".* FROM "candidates"[0m
  Rendered candidates/index.html.slim within layouts/application (6.5ms)
Completed 200 OK in 55ms (Views: 52.7ms | ActiveRecord: 0.2ms)


Started GET "/candidates/1" for 127.0.0.1 at 2017-05-11 23:12:21 +0200
Processing by CandidatesController#show as HTML
  Parameters: {"id"=>"1"}
  [1m[36mCandidate Load (0.1ms)[0m  [1m[34mSELECT  "candidates".* FROM "candidates" WHERE "candidates"."id" = ? LIMIT ?[0m  [["id", 1], ["LIMIT", 1]]
  Rendering candidates/show.html.slim within layouts/application
  Rendered candidates/show.html.slim within layouts/application (2.4ms)
Completed 200 OK in 51ms (Views: 49.2ms | ActiveRecord: 0.1ms)


Started GET "/candidates/1" for 127.0.0.1 at 2017-05-11 23:12:59 +0200
Processing by CandidatesController#show as HTML
  Parameters: {"id"=>"1"}
  [1m[36mCandidate Load (0.1ms)[0m  [1m[34mSELECT  "candidates".* FROM "candidates" WHERE "candidates"."id" = ? LIMIT ?[0m  [["id", 1], ["LIMIT", 1]]
  Rendering candidates/show.html.slim within layouts/application
  Rendered candidates/show.html.slim within layouts/application (2.2ms)
Completed 200 OK in 39ms (Views: 36.8ms | ActiveRecord: 0.1ms)


Started GET "/candidates/1" for 127.0.0.1 at 2017-05-11 23:14:27 +0200
Processing by CandidatesController#show as HTML
  Parameters: {"id"=>"1"}
  [1m[36mCandidate Load (0.1ms)[0m  [1m[34mSELECT  "candidates".* FROM "candidates" WHERE "candidates"."id" = ? LIMIT ?[0m  [["id", 1], ["LIMIT", 1]]
  Rendering candidates/show.html.slim within layouts/application
  Rendered candidates/show.html.slim within layouts/application (4.6ms)
Completed 200 OK in 47ms (Views: 44.9ms | ActiveRecord: 0.1ms)


Started GET "/candidates/1" for 127.0.0.1 at 2017-05-11 23:14:37 +0200
Processing by CandidatesController#show as HTML
  Parameters: {"id"=>"1"}
  [1m[36mCandidate Load (0.1ms)[0m  [1m[34mSELECT  "candidates".* FROM "candidates" WHERE "candidates"."id" = ? LIMIT ?[0m  [["id", 1], ["LIMIT", 1]]
  Rendering candidates/show.html.slim within layouts/application
  Rendered candidates/show.html.slim within layouts/application (3.1ms)
Completed 200 OK in 42ms (Views: 39.9ms | ActiveRecord: 0.1ms)


Started GET "/candidates/1" for 127.0.0.1 at 2017-05-11 23:14:49 +0200
Processing by CandidatesController#show as HTML
  Parameters: {"id"=>"1"}
  [1m[36mCandidate Load (0.1ms)[0m  [1m[34mSELECT  "candidates".* FROM "candidates" WHERE "candidates"."id" = ? LIMIT ?[0m  [["id", 1], ["LIMIT", 1]]
  Rendering candidates/show.html.slim within layouts/application
  Rendered candidates/show.html.slim within layouts/application (3.6ms)
Completed 200 OK in 45ms (Views: 43.5ms | ActiveRecord: 0.1ms)


Started GET "/candidates/1" for 127.0.0.1 at 2017-05-11 23:15:08 +0200
Processing by CandidatesController#show as HTML
  Parameters: {"id"=>"1"}
  [1m[36mCandidate Load (0.1ms)[0m  [1m[34mSELECT  "candidates".* FROM "candidates" WHERE "candidates"."id" = ? LIMIT ?[0m  [["id", 1], ["LIMIT", 1]]
  Rendering candidates/show.html.slim within layouts/application
  Rendered candidates/show.html.slim within layouts/application (3.9ms)
Completed 200 OK in 45ms (Views: 43.3ms | ActiveRecord: 0.1ms)


Started GET "/candidates/1" for 127.0.0.1 at 2017-05-11 23:15:23 +0200
Processing by CandidatesController#show as HTML
  Parameters: {"id"=>"1"}
  [1m[36mCandidate Load (0.3ms)[0m  [1m[34mSELECT  "candidates".* FROM "candidates" WHERE "candidates"."id" = ? LIMIT ?[0m  [["id", 1], ["LIMIT", 1]]
  Rendering candidates/show.html.slim within layouts/application
  Rendered candidates/show.html.slim within layouts/application (3.4ms)
Completed 200 OK in 44ms (Views: 39.8ms | ActiveRecord: 0.3ms)


Started GET "/candidates" for 127.0.0.1 at 2017-05-11 23:15:25 +0200
Processing by CandidatesController#index as HTML
  Rendering candidates/index.html.slim within layouts/application
  [1m[36mCandidate Load (0.2ms)[0m  [1m[34mSELECT "candidates".* FROM "candidates"[0m
  Rendered candidates/index.html.slim within layouts/application (7.5ms)
Completed 200 OK in 53ms (Views: 51.6ms | ActiveRecord: 0.2ms)


Started GET "/candidates/new" for 127.0.0.1 at 2017-05-11 23:15:26 +0200
Processing by CandidatesController#new as HTML
  Rendering candidates/new.html.slim within layouts/application
  Rendered candidates/_form.html.slim (5.2ms) [cache miss]
  Rendered candidates/new.html.slim within layouts/application (8.9ms)
Completed 200 OK in 60ms (Views: 58.1ms | ActiveRecord: 0.0ms)


Started GET "/candidates" for 127.0.0.1 at 2017-05-11 23:15:37 +0200
Processing by CandidatesController#index as HTML
  Rendering candidates/index.html.slim within layouts/application
  [1m[36mCandidate Load (0.2ms)[0m  [1m[34mSELECT "candidates".* FROM "candidates"[0m
  Rendered candidates/index.html.slim within layouts/application (7.2ms)
Completed 200 OK in 52ms (Views: 49.7ms | ActiveRecord: 0.2ms)


Started GET "/candidates/new" for 127.0.0.1 at 2017-05-11 23:15:38 +0200
Processing by CandidatesController#new as HTML
  Rendering candidates/new.html.slim within layouts/application
  Rendered candidates/_form.html.slim (5.6ms) [cache miss]
  Rendered candidates/new.html.slim within layouts/application (10.3ms)
Completed 200 OK in 60ms (Views: 58.6ms | ActiveRecord: 0.0ms)


Started GET "/candidates" for 127.0.0.1 at 2017-05-11 23:15:40 +0200
Processing by CandidatesController#index as HTML
  Rendering candidates/index.html.slim within layouts/application
  [1m[36mCandidate Load (0.2ms)[0m  [1m[34mSELECT "candidates".* FROM "candidates"[0m
  Rendered candidates/index.html.slim within layouts/application (7.5ms)
Completed 200 OK in 67ms (Views: 64.9ms | ActiveRecord: 0.2ms)


Started GET "/candidates" for 127.0.0.1 at 2017-05-11 23:15:46 +0200
Processing by CandidatesController#index as HTML
  Rendering candidates/index.html.slim within layouts/application
  [1m[36mCandidate Load (0.1ms)[0m  [1m[34mSELECT "candidates".* FROM "candidates"[0m
  Rendered candidates/index.html.slim within layouts/application (6.4ms)
Completed 200 OK in 43ms (Views: 41.1ms | ActiveRecord: 0.1ms)


Started GET "/candidates" for 127.0.0.1 at 2017-05-11 23:15:48 +0200
Processing by CandidatesController#index as HTML
  Rendering candidates/index.html.slim within layouts/application
  [1m[36mCandidate Load (0.2ms)[0m  [1m[34mSELECT "candidates".* FROM "candidates"[0m
  Rendered candidates/index.html.slim within layouts/application (6.4ms)
Completed 200 OK in 52ms (Views: 49.8ms | ActiveRecord: 0.2ms)


Started GET "/candidates/new" for 127.0.0.1 at 2017-05-11 23:15:50 +0200
Processing by CandidatesController#new as HTML
  Rendering candidates/new.html.slim within layouts/application
  Rendered candidates/_form.html.slim (5.2ms) [cache miss]
  Rendered candidates/new.html.slim within layouts/application (8.9ms)
Completed 200 OK in 51ms (Views: 49.1ms | ActiveRecord: 0.0ms)


Started GET "/candidates" for 127.0.0.1 at 2017-05-11 23:15:54 +0200
Processing by CandidatesController#index as HTML
  Rendering candidates/index.html.slim within layouts/application
  [1m[36mCandidate Load (0.2ms)[0m  [1m[34mSELECT "candidates".* FROM "candidates"[0m
  Rendered candidates/index.html.slim within layouts/application (6.9ms)
Completed 200 OK in 54ms (Views: 52.4ms | ActiveRecord: 0.2ms)


Started GET "/candidates/new" for 127.0.0.1 at 2017-05-11 23:15:55 +0200
Processing by CandidatesController#new as HTML
  Rendering candidates/new.html.slim within layouts/application
  Rendered candidates/_form.html.slim (5.9ms) [cache miss]
  Rendered candidates/new.html.slim within layouts/application (10.1ms)
Completed 200 OK in 69ms (Views: 67.0ms | ActiveRecord: 0.0ms)


Started GET "/candidates" for 127.0.0.1 at 2017-05-11 23:15:57 +0200
Processing by CandidatesController#index as HTML
  Rendering candidates/index.html.slim within layouts/application
  [1m[36mCandidate Load (0.2ms)[0m  [1m[34mSELECT "candidates".* FROM "candidates"[0m
  Rendered candidates/index.html.slim within layouts/application (7.3ms)
Completed 200 OK in 68ms (Views: 65.9ms | ActiveRecord: 0.2ms)


Started GET "/candidates/new" for 127.0.0.1 at 2017-05-11 23:15:58 +0200
Processing by CandidatesController#new as HTML
  Rendering candidates/new.html.slim within layouts/application
  Rendered candidates/_form.html.slim (5.1ms) [cache miss]
  Rendered candidates/new.html.slim within layouts/application (8.8ms)
Completed 200 OK in 53ms (Views: 51.0ms | ActiveRecord: 0.0ms)


Started GET "/candidates" for 127.0.0.1 at 2017-05-11 23:16:00 +0200
Processing by CandidatesController#index as HTML
  Rendering candidates/index.html.slim within layouts/application
  [1m[36mCandidate Load (0.1ms)[0m  [1m[34mSELECT "candidates".* FROM "candidates"[0m
  Rendered candidates/index.html.slim within layouts/application (7.8ms)
Completed 200 OK in 60ms (Views: 58.2ms | ActiveRecord: 0.1ms)


Started GET "/candidates" for 127.0.0.1 at 2017-05-11 23:16:52 +0200
Processing by CandidatesController#index as HTML
  Rendering candidates/index.html.slim within layouts/application
  [1m[36mCandidate Load (0.2ms)[0m  [1m[34mSELECT "candidates".* FROM "candidates"[0m
  Rendered candidates/index.html.slim within layouts/application (7.9ms)
Completed 200 OK in 44ms (Views: 42.4ms | ActiveRecord: 0.2ms)


Started GET "/candidates/new" for 127.0.0.1 at 2017-05-11 23:16:54 +0200
Processing by CandidatesController#new as HTML
  Rendering candidates/new.html.slim within layouts/application
  Rendered candidates/_form.html.slim (4.9ms) [cache miss]
  Rendered candidates/new.html.slim within layouts/application (8.3ms)
Completed 200 OK in 50ms (Views: 48.6ms | ActiveRecord: 0.0ms)


Started GET "/candidates" for 127.0.0.1 at 2017-05-11 23:16:56 +0200
Processing by CandidatesController#index as HTML
  Rendering candidates/index.html.slim within layouts/application
  [1m[36mCandidate Load (0.2ms)[0m  [1m[34mSELECT "candidates".* FROM "candidates"[0m
  Rendered candidates/index.html.slim within layouts/application (7.2ms)
Completed 200 OK in 52ms (Views: 49.8ms | ActiveRecord: 0.2ms)


Started GET "/candidates/1/edit" for 127.0.0.1 at 2017-05-11 23:16:57 +0200
Processing by CandidatesController#edit as HTML
  Parameters: {"id"=>"1"}
  [1m[36mCandidate Load (0.1ms)[0m  [1m[34mSELECT  "candidates".* FROM "candidates" WHERE "candidates"."id" = ? LIMIT ?[0m  [["id", 1], ["LIMIT", 1]]
  Rendering candidates/edit.html.slim within layouts/application
  Rendered candidates/_form.html.slim (5.6ms) [cache miss]
  Rendered candidates/edit.html.slim within layouts/application (9.5ms)
Completed 200 OK in 56ms (Views: 54.0ms | ActiveRecord: 0.1ms)


Started GET "/candidates" for 127.0.0.1 at 2017-05-11 23:17:01 +0200
Processing by CandidatesController#index as HTML
  Rendering candidates/index.html.slim within layouts/application
  [1m[36mCandidate Load (0.2ms)[0m  [1m[34mSELECT "candidates".* FROM "candidates"[0m
  Rendered candidates/index.html.slim within layouts/application (6.7ms)
Completed 200 OK in 50ms (Views: 48.2ms | ActiveRecord: 0.2ms)


Started GET "/candidates/1" for 127.0.0.1 at 2017-05-11 23:17:02 +0200
Processing by CandidatesController#show as HTML
  Parameters: {"id"=>"1"}
  [1m[36mCandidate Load (0.1ms)[0m  [1m[34mSELECT  "candidates".* FROM "candidates" WHERE "candidates"."id" = ? LIMIT ?[0m  [["id", 1], ["LIMIT", 1]]
  Rendering candidates/show.html.slim within layouts/application
  Rendered candidates/show.html.slim within layouts/application (4.8ms)
Completed 200 OK in 51ms (Views: 48.6ms | ActiveRecord: 0.1ms)


Started GET "/candidates" for 127.0.0.1 at 2017-05-11 23:17:09 +0200
Processing by CandidatesController#index as HTML
  Rendering candidates/index.html.slim within layouts/application
  [1m[36mCandidate Load (0.2ms)[0m  [1m[34mSELECT "candidates".* FROM "candidates"[0m
  Rendered candidates/index.html.slim within layouts/application (7.2ms)
Completed 200 OK in 50ms (Views: 48.6ms | ActiveRecord: 0.2ms)


